Analysis & Synthesis report for multiplier_toplevel
Sun Sep 23 17:52:08 2018
Quartus Prime Version 18.0.0 Build 614 04/24/2018 SJ Lite Edition


---------------------
; Table of Contents ;
---------------------
  1. Legal Notice
  2. Analysis & Synthesis Summary
  3. Analysis & Synthesis Settings
  4. Parallel Compilation
  5. Analysis & Synthesis Source Files Read
  6. Analysis & Synthesis Resource Usage Summary
  7. Analysis & Synthesis Resource Utilization by Entity
  8. Registers Removed During Synthesis
  9. General Register Statistics
 10. Port Connectivity Checks: "reg_8:regB"
 11. Port Connectivity Checks: "reg_8:regA"
 12. Port Connectivity Checks: "adder_9:adderUnit|full_adder:adderGenLoop[7].adder_i"
 13. Port Connectivity Checks: "adder_9:adderUnit|full_adder:adderGenLoop[0].adder_i"
 14. Port Connectivity Checks: "control:controller"
 15. Post-Synthesis Netlist Statistics for Top Partition
 16. Elapsed Time Per Partition
 17. Analysis & Synthesis Messages



----------------
; Legal Notice ;
----------------
Copyright (C) 2018  Intel Corporation. All rights reserved.
Your use of Intel Corporation's design tools, logic functions 
and other software and tools, and its AMPP partner logic 
functions, and any output files from any of the foregoing 
(including device programming or simulation files), and any 
associated documentation or information are expressly subject 
to the terms and conditions of the Intel Program License 
Subscription Agreement, the Intel Quartus Prime License Agreement,
the Intel FPGA IP License Agreement, or other applicable license
agreement, including, without limitation, that your use is for
the sole purpose of programming logic devices manufactured by
Intel and sold by Intel or its authorized distributors.  Please
refer to the applicable agreement for further details.



+----------------------------------------------------------------------------------+
; Analysis & Synthesis Summary                                                     ;
+------------------------------------+---------------------------------------------+
; Analysis & Synthesis Status        ; Successful - Sun Sep 23 17:52:08 2018       ;
; Quartus Prime Version              ; 18.0.0 Build 614 04/24/2018 SJ Lite Edition ;
; Revision Name                      ; multiplier_toplevel                         ;
; Top-level Entity Name              ; multiplier_toplevel                         ;
; Family                             ; Cyclone IV E                                ;
; Total logic elements               ; 0                                           ;
;     Total combinational functions  ; 0                                           ;
;     Dedicated logic registers      ; 0                                           ;
; Total registers                    ; 0                                           ;
; Total pins                         ; 13                                          ;
; Total virtual pins                 ; 0                                           ;
; Total memory bits                  ; 0                                           ;
; Embedded Multiplier 9-bit elements ; 0                                           ;
; Total PLLs                         ; 0                                           ;
+------------------------------------+---------------------------------------------+


+--------------------------------------------------------------------------------------------------------------+
; Analysis & Synthesis Settings                                                                                ;
+------------------------------------------------------------------+---------------------+---------------------+
; Option                                                           ; Setting             ; Default Value       ;
+------------------------------------------------------------------+---------------------+---------------------+
; Device                                                           ; EP4CE115F29C7       ;                     ;
; Top-level entity name                                            ; multiplier_toplevel ; multiplier_toplevel ;
; Family name                                                      ; Cyclone IV E        ; Cyclone V           ;
; Use smart compilation                                            ; Off                 ; Off                 ;
; Enable parallel Assembler and Timing Analyzer during compilation ; On                  ; On                  ;
; Enable compact report table                                      ; Off                 ; Off                 ;
; Restructure Multiplexers                                         ; Auto                ; Auto                ;
; Create Debugging Nodes for IP Cores                              ; Off                 ; Off                 ;
; Preserve fewer node names                                        ; On                  ; On                  ;
; Intel FPGA IP Evaluation Mode                                    ; Enable              ; Enable              ;
; Verilog Version                                                  ; Verilog_2001        ; Verilog_2001        ;
; VHDL Version                                                     ; VHDL_1993           ; VHDL_1993           ;
; State Machine Processing                                         ; Auto                ; Auto                ;
; Safe State Machine                                               ; Off                 ; Off                 ;
; Extract Verilog State Machines                                   ; On                  ; On                  ;
; Extract VHDL State Machines                                      ; On                  ; On                  ;
; Ignore Verilog initial constructs                                ; Off                 ; Off                 ;
; Iteration limit for constant Verilog loops                       ; 5000                ; 5000                ;
; Iteration limit for non-constant Verilog loops                   ; 250                 ; 250                 ;
; Add Pass-Through Logic to Inferred RAMs                          ; On                  ; On                  ;
; Infer RAMs from Raw Logic                                        ; On                  ; On                  ;
; Parallel Synthesis                                               ; On                  ; On                  ;
; DSP Block Balancing                                              ; Auto                ; Auto                ;
; NOT Gate Push-Back                                               ; On                  ; On                  ;
; Power-Up Don't Care                                              ; On                  ; On                  ;
; Remove Redundant Logic Cells                                     ; Off                 ; Off                 ;
; Remove Duplicate Registers                                       ; On                  ; On                  ;
; Ignore CARRY Buffers                                             ; Off                 ; Off                 ;
; Ignore CASCADE Buffers                                           ; Off                 ; Off                 ;
; Ignore GLOBAL Buffers                                            ; Off                 ; Off                 ;
; Ignore ROW GLOBAL Buffers                                        ; Off                 ; Off                 ;
; Ignore LCELL Buffers                                             ; Off                 ; Off                 ;
; Ignore SOFT Buffers                                              ; On                  ; On                  ;
; Limit AHDL Integers to 32 Bits                                   ; Off                 ; Off                 ;
; Optimization Technique                                           ; Balanced            ; Balanced            ;
; Carry Chain Length                                               ; 70                  ; 70                  ;
; Auto Carry Chains                                                ; On                  ; On                  ;
; Auto Open-Drain Pins                                             ; On                  ; On                  ;
; Perform WYSIWYG Primitive Resynthesis                            ; Off                 ; Off                 ;
; Auto ROM Replacement                                             ; On                  ; On                  ;
; Auto RAM Replacement                                             ; On                  ; On                  ;
; Auto DSP Block Replacement                                       ; On                  ; On                  ;
; Auto Shift Register Replacement                                  ; Auto                ; Auto                ;
; Allow Shift Register Merging across Hierarchies                  ; Auto                ; Auto                ;
; Auto Clock Enable Replacement                                    ; On                  ; On                  ;
; Strict RAM Replacement                                           ; Off                 ; Off                 ;
; Allow Synchronous Control Signals                                ; On                  ; On                  ;
; Force Use of Synchronous Clear Signals                           ; Off                 ; Off                 ;
; Auto RAM Block Balancing                                         ; On                  ; On                  ;
; Auto RAM to Logic Cell Conversion                                ; Off                 ; Off                 ;
; Auto Resource Sharing                                            ; Off                 ; Off                 ;
; Allow Any RAM Size For Recognition                               ; Off                 ; Off                 ;
; Allow Any ROM Size For Recognition                               ; Off                 ; Off                 ;
; Allow Any Shift Register Size For Recognition                    ; Off                 ; Off                 ;
; Use LogicLock Constraints during Resource Balancing              ; On                  ; On                  ;
; Ignore translate_off and synthesis_off directives                ; Off                 ; Off                 ;
; Timing-Driven Synthesis                                          ; On                  ; On                  ;
; Report Parameter Settings                                        ; On                  ; On                  ;
; Report Source Assignments                                        ; On                  ; On                  ;
; Report Connectivity Checks                                       ; On                  ; On                  ;
; Ignore Maximum Fan-Out Assignments                               ; Off                 ; Off                 ;
; Synchronization Register Chain Length                            ; 2                   ; 2                   ;
; Power Optimization During Synthesis                              ; Normal compilation  ; Normal compilation  ;
; HDL message level                                                ; Level2              ; Level2              ;
; Suppress Register Optimization Related Messages                  ; Off                 ; Off                 ;
; Number of Removed Registers Reported in Synthesis Report         ; 5000                ; 5000                ;
; Number of Swept Nodes Reported in Synthesis Report               ; 5000                ; 5000                ;
; Number of Inverted Registers Reported in Synthesis Report        ; 100                 ; 100                 ;
; Clock MUX Protection                                             ; On                  ; On                  ;
; Auto Gated Clock Conversion                                      ; Off                 ; Off                 ;
; Block Design Naming                                              ; Auto                ; Auto                ;
; SDC constraint protection                                        ; Off                 ; Off                 ;
; Synthesis Effort                                                 ; Auto                ; Auto                ;
; Shift Register Replacement - Allow Asynchronous Clear Signal     ; On                  ; On                  ;
; Pre-Mapping Resynthesis Optimization                             ; Off                 ; Off                 ;
; Analysis & Synthesis Message Level                               ; Medium              ; Medium              ;
; Disable Register Merging Across Hierarchies                      ; Auto                ; Auto                ;
; Resource Aware Inference For Block RAM                           ; On                  ; On                  ;
+------------------------------------------------------------------+---------------------+---------------------+


+------------------------------------------+
; Parallel Compilation                     ;
+----------------------------+-------------+
; Processors                 ; Number      ;
+----------------------------+-------------+
; Number detected on machine ; 4           ;
; Maximum allowed            ; 4           ;
;                            ;             ;
; Average used               ; 1.00        ;
; Maximum used               ; 1           ;
;                            ;             ;
; Usage by Processor         ; % Time Used ;
;     Processor 1            ; 100.0%      ;
+----------------------------+-------------+


+-----------------------------------------------------------------------------------------------------------------------------------------------------------------+
; Analysis & Synthesis Source Files Read                                                                                                                          ;
+----------------------------------+-----------------+------------------------------+-------------------------------------------------------------------+---------+
; File Name with User-Entered Path ; Used in Netlist ; File Type                    ; File Name with Absolute Path                                      ; Library ;
+----------------------------------+-----------------+------------------------------+-------------------------------------------------------------------+---------+
; adder_9.sv                       ; yes             ; User SystemVerilog HDL File  ; C:/Users/finnn/Documents/385/385_FPGA/Lab5/adder_9.sv             ;         ;
; Reg_8.sv                         ; yes             ; User SystemVerilog HDL File  ; C:/Users/finnn/Documents/385/385_FPGA/Lab5/Reg_8.sv               ;         ;
; full_adder.sv                    ; yes             ; User SystemVerilog HDL File  ; C:/Users/finnn/Documents/385/385_FPGA/Lab5/full_adder.sv          ;         ;
; multiplier_toplevel.sv           ; yes             ; User SystemVerilog HDL File  ; C:/Users/finnn/Documents/385/385_FPGA/Lab5/multiplier_toplevel.sv ;         ;
; control.sv                       ; yes             ; User SystemVerilog HDL File  ; C:/Users/finnn/Documents/385/385_FPGA/Lab5/control.sv             ;         ;
+----------------------------------+-----------------+------------------------------+-------------------------------------------------------------------+---------+


+-----------------------------------------------------+
; Analysis & Synthesis Resource Usage Summary         ;
+---------------------------------------------+-------+
; Resource                                    ; Usage ;
+---------------------------------------------+-------+
;                                             ;       ;
; Total combinational functions               ; 0     ;
; Logic element usage by number of LUT inputs ;       ;
;     -- 4 input functions                    ; 0     ;
;     -- 3 input functions                    ; 0     ;
;     -- <=2 input functions                  ; 0     ;
;                                             ;       ;
; Logic elements by mode                      ;       ;
;     -- normal mode                          ; 0     ;
;     -- arithmetic mode                      ; 0     ;
;                                             ;       ;
; Total registers                             ; 0     ;
;     -- Dedicated logic registers            ; 0     ;
;     -- I/O registers                        ; 0     ;
;                                             ;       ;
; I/O pins                                    ; 13    ;
;                                             ;       ;
; Embedded Multiplier 9-bit elements          ; 0     ;
;                                             ;       ;
; Maximum fan-out node                        ; S[0]  ;
; Maximum fan-out                             ; 1     ;
; Total fan-out                               ; 13    ;
; Average fan-out                             ; 0.50  ;
+---------------------------------------------+-------+


+-------------------------------------------------------------------------------------------------------------------------------------------------------------------------------------------------------------------+
; Analysis & Synthesis Resource Utilization by Entity                                                                                                                                                               ;
+----------------------------+---------------------+---------------------------+-------------+--------------+---------+-----------+------+--------------+----------------------+---------------------+--------------+
; Compilation Hierarchy Node ; Combinational ALUTs ; Dedicated Logic Registers ; Memory Bits ; DSP Elements ; DSP 9x9 ; DSP 18x18 ; Pins ; Virtual Pins ; Full Hierarchy Name  ; Entity Name         ; Library Name ;
+----------------------------+---------------------+---------------------------+-------------+--------------+---------+-----------+------+--------------+----------------------+---------------------+--------------+
; |multiplier_toplevel       ; 0 (0)               ; 0 (0)                     ; 0           ; 0            ; 0       ; 0         ; 13   ; 0            ; |multiplier_toplevel ; multiplier_toplevel ; work         ;
+----------------------------+---------------------+---------------------------+-------------+--------------+---------+-----------+------+--------------+----------------------+---------------------+--------------+
Note: For table entries with two numbers listed, the numbers in parentheses indicate the number of resources of the given type used by the specific entity alone. The numbers listed outside of parentheses indicate the total resources of the given type used by the specific entity and all of its sub-entities in the hierarchy.


+--------------------------------------------------------------------------------+
; Registers Removed During Synthesis                                             ;
+---------------------------------------+----------------------------------------+
; Register name                         ; Reason for Removal                     ;
+---------------------------------------+----------------------------------------+
; X~reg0                                ; Stuck at GND due to stuck port data_in ;
; Total Number of Removed Registers = 1 ;                                        ;
+---------------------------------------+----------------------------------------+


+------------------------------------------------------+
; General Register Statistics                          ;
+----------------------------------------------+-------+
; Statistic                                    ; Value ;
+----------------------------------------------+-------+
; Total registers                              ; 0     ;
; Number of registers using Synchronous Clear  ; 0     ;
; Number of registers using Synchronous Load   ; 0     ;
; Number of registers using Asynchronous Clear ; 0     ;
; Number of registers using Asynchronous Load  ; 0     ;
; Number of registers using Clock Enable       ; 0     ;
; Number of registers using Preset             ; 0     ;
+----------------------------------------------+-------+


+---------------------------------------------------------------------------------------------------------------------+
; Port Connectivity Checks: "reg_8:regB"                                                                              ;
+-----------+--------+----------+-------------------------------------------------------------------------------------+
; Port      ; Type   ; Severity ; Details                                                                             ;
+-----------+--------+----------+-------------------------------------------------------------------------------------+
; Shift_Out ; Output ; Info     ; Explicitly unconnected                                                              ;
; Data_Out  ; Output ; Info     ; Connected to dangling logic. Logic that only feeds a dangling port will be removed. ;
+-----------+--------+----------+-------------------------------------------------------------------------------------+


+--------------------------------------------------------+
; Port Connectivity Checks: "reg_8:regA"                 ;
+-----------+--------+----------+------------------------+
; Port      ; Type   ; Severity ; Details                ;
+-----------+--------+----------+------------------------+
; Shift_Out ; Output ; Info     ; Explicitly unconnected ;
+-----------+--------+----------+------------------------+


+----------------------------------------------------------------------------------------------------------------+
; Port Connectivity Checks: "adder_9:adderUnit|full_adder:adderGenLoop[7].adder_i"                               ;
+------+--------+----------+-------------------------------------------------------------------------------------+
; Port ; Type   ; Severity ; Details                                                                             ;
+------+--------+----------+-------------------------------------------------------------------------------------+
; Cout ; Output ; Info     ; Connected to dangling logic. Logic that only feeds a dangling port will be removed. ;
+------+--------+----------+-------------------------------------------------------------------------------------+


+----------------------------------------------------------------------------------+
; Port Connectivity Checks: "adder_9:adderUnit|full_adder:adderGenLoop[0].adder_i" ;
+------+-------+----------+--------------------------------------------------------+
; Port ; Type  ; Severity ; Details                                                ;
+------+-------+----------+--------------------------------------------------------+
; Cin  ; Input ; Info     ; Stuck at GND                                           ;
+------+-------+----------+--------------------------------------------------------+


+----------------------------------------------------------------------------------------------------------------+
; Port Connectivity Checks: "control:controller"                                                                 ;
+------+--------+----------+-------------------------------------------------------------------------------------+
; Port ; Type   ; Severity ; Details                                                                             ;
+------+--------+----------+-------------------------------------------------------------------------------------+
; Sub  ; Output ; Info     ; Connected to dangling logic. Logic that only feeds a dangling port will be removed. ;
+------+--------+----------+-------------------------------------------------------------------------------------+


+-----------------------------------------------------+
; Post-Synthesis Netlist Statistics for Top Partition ;
+-----------------------+-----------------------------+
; Type                  ; Count                       ;
+-----------------------+-----------------------------+
; boundary_port         ; 13                          ;
; cycloneiii_lcell_comb ; 1                           ;
;     normal            ; 1                           ;
;         0 data inputs ; 1                           ;
;                       ;                             ;
; Max LUT depth         ; 0.00                        ;
; Average LUT depth     ; 0.00                        ;
+-----------------------+-----------------------------+


+-------------------------------+
; Elapsed Time Per Partition    ;
+----------------+--------------+
; Partition Name ; Elapsed Time ;
+----------------+--------------+
; Top            ; 00:00:00     ;
+----------------+--------------+


+-------------------------------+
; Analysis & Synthesis Messages ;
+-------------------------------+
Info: *******************************************************************
Info: Running Quartus Prime Analysis & Synthesis
    Info: Version 18.0.0 Build 614 04/24/2018 SJ Lite Edition
    Info: Processing started: Sun Sep 23 17:51:57 2018
Info: Command: quartus_map --read_settings_files=on --write_settings_files=off Multiplier -c multiplier_toplevel
Warning (18236): Number of processors has not been specified which may cause overloading on shared machines.  Set the global assignment NUM_PARALLEL_PROCESSORS in your QSF to an appropriate value for best performance.
Info (20030): Parallel compilation is enabled and will use 4 of the 4 processors detected
Info (12021): Found 1 design units, including 1 entities, in source file adder_9.sv
    Info (12023): Found entity 1: adder_9 File: C:/Users/finnn/Documents/385/385_FPGA/Lab5/adder_9.sv Line: 1
Info (12021): Found 1 design units, including 1 entities, in source file reg_8.sv
    Info (12023): Found entity 1: reg_8 File: C:/Users/finnn/Documents/385/385_FPGA/Lab5/Reg_8.sv Line: 1
Info (12021): Found 1 design units, including 1 entities, in source file full_adder.sv
    Info (12023): Found entity 1: full_adder File: C:/Users/finnn/Documents/385/385_FPGA/Lab5/full_adder.sv Line: 1
Info (12021): Found 1 design units, including 1 entities, in source file multiplier_toplevel.sv
    Info (12023): Found entity 1: multiplier_toplevel File: C:/Users/finnn/Documents/385/385_FPGA/Lab5/multiplier_toplevel.sv Line: 1
Info (12021): Found 1 design units, including 1 entities, in source file control.sv
    Info (12023): Found entity 1: control File: C:/Users/finnn/Documents/385/385_FPGA/Lab5/control.sv Line: 1
Warning (10236): Verilog HDL Implicit Net warning at multiplier_toplevel.sv(56): created implicit net for "ResetB" File: C:/Users/finnn/Documents/385/385_FPGA/Lab5/multiplier_toplevel.sv Line: 56
Info (12127): Elaborating entity "multiplier_toplevel" for the top level hierarchy
Info (12128): Elaborating entity "control" for hierarchy "control:controller" File: C:/Users/finnn/Documents/385/385_FPGA/Lab5/multiplier_toplevel.sv Line: 29
Warning (10034): Output port "Clr_Ld" at control.sv(6) has no driver File: C:/Users/finnn/Documents/385/385_FPGA/Lab5/control.sv Line: 6
Warning (10034): Output port "Shift" at control.sv(7) has no driver File: C:/Users/finnn/Documents/385/385_FPGA/Lab5/control.sv Line: 7
Warning (10034): Output port "Add" at control.sv(8) has no driver File: C:/Users/finnn/Documents/385/385_FPGA/Lab5/control.sv Line: 8
Warning (10034): Output port "Sub" at control.sv(10) has no driver File: C:/Users/finnn/Documents/385/385_FPGA/Lab5/control.sv Line: 10
Info (12128): Elaborating entity "adder_9" for hierarchy "adder_9:adderUnit" File: C:/Users/finnn/Documents/385/385_FPGA/Lab5/multiplier_toplevel.sv Line: 32
Warning (10030): Net "sum_9bit[8]" at adder_9.sv(10) has no driver or initial value, using a default initial value '0' File: C:/Users/finnn/Documents/385/385_FPGA/Lab5/adder_9.sv Line: 10
Info (12128): Elaborating entity "full_adder" for hierarchy "adder_9:adderUnit|full_adder:adderGenLoop[0].adder_i" File: C:/Users/finnn/Documents/385/385_FPGA/Lab5/adder_9.sv Line: 15
Info (12128): Elaborating entity "reg_8" for hierarchy "reg_8:regA" File: C:/Users/finnn/Documents/385/385_FPGA/Lab5/multiplier_toplevel.sv Line: 49
Warning (13024): Output pins are stuck at VCC or GND
    Warning (13410): Pin "X" is stuck at GND File: C:/Users/finnn/Documents/385/385_FPGA/Lab5/multiplier_toplevel.sv Line: 9
Info (16010): Generating hard_block partition "hard_block:auto_generated_inst"
    Info (16011): Adding 0 node(s), including 0 DDIO, 0 PLL, 0 transceiver and 0 LCELL
Warning (21074): Design contains 12 input pin(s) that do not drive logic
    Warning (15610): No output dependent on input pin "S[0]" File: C:/Users/finnn/Documents/385/385_FPGA/Lab5/multiplier_toplevel.sv Line: 2
    Warning (15610): No output dependent on input pin "S[1]" File: C:/Users/finnn/Documents/385/385_FPGA/Lab5/multiplier_toplevel.sv Line: 2
    Warning (15610): No output dependent on input pin "S[2]" File: C:/Users/finnn/Documents/385/385_FPGA/Lab5/multiplier_toplevel.sv Line: 2
    Warning (15610): No output dependent on input pin "S[3]" File: C:/Users/finnn/Documents/385/385_FPGA/Lab5/multiplier_toplevel.sv Line: 2
    Warning (15610): No output dependent on input pin "S[4]" File: C:/Users/finnn/Documents/385/385_FPGA/Lab5/multiplier_toplevel.sv Line: 2
    Warning (15610): No output dependent on input pin "S[5]" File: C:/Users/finnn/Documents/385/385_FPGA/Lab5/multiplier_toplevel.sv Line: 2
    Warning (15610): No output dependent on input pin "S[6]" File: C:/Users/finnn/Documents/385/385_FPGA/Lab5/multiplier_toplevel.sv Line: 2
    Warning (15610): No output dependent on input pin "S[7]" File: C:/Users/finnn/Documents/385/385_FPGA/Lab5/multiplier_toplevel.sv Line: 2
    Warning (15610): No output dependent on input pin "Clk" File: C:/Users/finnn/Documents/385/385_FPGA/Lab5/multiplier_toplevel.sv Line: 3
    Warning (15610): No output dependent on input pin "Reset" File: C:/Users/finnn/Documents/385/385_FPGA/Lab5/multiplier_toplevel.sv Line: 4
    Warning (15610): No output dependent on input pin "Run" File: C:/Users/finnn/Documents/385/385_FPGA/Lab5/multiplier_toplevel.sv Line: 5
    Warning (15610): No output dependent on input pin "ClearA_LoadB" File: C:/Users/finnn/Documents/385/385_FPGA/Lab5/multiplier_toplevel.sv Line: 6
Info (21057): Implemented 13 device resources after synthesis - the final resource count might be different
    Info (21058): Implemented 12 input pins
    Info (21059): Implemented 1 output pins
Info: Quartus Prime Analysis & Synthesis was successful. 0 errors, 22 warnings
    Info: Peak virtual memory: 4758 megabytes
    Info: Processing ended: Sun Sep 23 17:52:08 2018
    Info: Elapsed time: 00:00:11
    Info: Total CPU time (on all processors): 00:00:25


