Analysis & Synthesis report for multiplier_toplevel
Fri Oct 05 00:15:26 2018
Quartus Prime Version 18.0.0 Build 614 04/24/2018 SJ Lite Edition


---------------------
; Table of Contents ;
---------------------
  1. Legal Notice
  2. Analysis & Synthesis Summary
  3. Analysis & Synthesis Settings
  4. Parallel Compilation
  5. Analysis & Synthesis Source Files Read
  6. Analysis & Synthesis Resource Usage Summary
  7. Analysis & Synthesis Resource Utilization by Entity
  8. State Machine - |multiplier_toplevel|control:controller|currentState
  9. Registers Removed During Synthesis
 10. General Register Statistics
 11. Physical Synthesis Netlist Optimizations
 12. Multiplexer Restructuring Statistics (No Restructuring Performed)
 13. Port Connectivity Checks: "reg_8:regB"
 14. Port Connectivity Checks: "reg_8:regA"
 15. Port Connectivity Checks: "adder_9:adderUnit|full_adder:adderGenLoop[8].adder_i"
 16. Post-Synthesis Netlist Statistics for Top Partition
 17. Elapsed Time Per Partition
 18. Analysis & Synthesis Messages
 19. Analysis & Synthesis Suppressed Messages



----------------
; Legal Notice ;
----------------
Copyright (C) 2018  Intel Corporation. All rights reserved.
Your use of Intel Corporation's design tools, logic functions 
and other software and tools, and its AMPP partner logic 
functions, and any output files from any of the foregoing 
(including device programming or simulation files), and any 
associated documentation or information are expressly subject 
to the terms and conditions of the Intel Program License 
Subscription Agreement, the Intel Quartus Prime License Agreement,
the Intel FPGA IP License Agreement, or other applicable license
agreement, including, without limitation, that your use is for
the sole purpose of programming logic devices manufactured by
Intel and sold by Intel or its authorized distributors.  Please
refer to the applicable agreement for further details.



+----------------------------------------------------------------------------------+
; Analysis & Synthesis Summary                                                     ;
+------------------------------------+---------------------------------------------+
; Analysis & Synthesis Status        ; Successful - Fri Oct 05 00:15:26 2018       ;
; Quartus Prime Version              ; 18.0.0 Build 614 04/24/2018 SJ Lite Edition ;
; Revision Name                      ; multiplier_toplevel                         ;
; Top-level Entity Name              ; multiplier_toplevel                         ;
; Family                             ; Cyclone IV E                                ;
; Total logic elements               ; 112                                         ;
;     Total combinational functions  ; 104                                         ;
;     Dedicated logic registers      ; 66                                          ;
; Total registers                    ; 66                                          ;
; Total pins                         ; 57                                          ;
; Total virtual pins                 ; 0                                           ;
; Total memory bits                  ; 0                                           ;
; Embedded Multiplier 9-bit elements ; 0                                           ;
; Total PLLs                         ; 0                                           ;
+------------------------------------+---------------------------------------------+


+--------------------------------------------------------------------------------------------------------------+
; Analysis & Synthesis Settings                                                                                ;
+------------------------------------------------------------------+---------------------+---------------------+
; Option                                                           ; Setting             ; Default Value       ;
+------------------------------------------------------------------+---------------------+---------------------+
; Device                                                           ; EP4CE115F29C7       ;                     ;
; Top-level entity name                                            ; multiplier_toplevel ; multiplier_toplevel ;
; Family name                                                      ; Cyclone IV E        ; Cyclone V           ;
; Restructure Multiplexers                                         ; Off                 ; Auto                ;
; Optimization Technique                                           ; Speed               ; Balanced            ;
; Perform WYSIWYG Primitive Resynthesis                            ; On                  ; Off                 ;
; Power Optimization During Synthesis                              ; Off                 ; Normal compilation  ;
; SDC constraint protection                                        ; On                  ; Off                 ;
; Use smart compilation                                            ; Off                 ; Off                 ;
; Enable parallel Assembler and Timing Analyzer during compilation ; On                  ; On                  ;
; Enable compact report table                                      ; Off                 ; Off                 ;
; Create Debugging Nodes for IP Cores                              ; Off                 ; Off                 ;
; Preserve fewer node names                                        ; On                  ; On                  ;
; Intel FPGA IP Evaluation Mode                                    ; Enable              ; Enable              ;
; Verilog Version                                                  ; Verilog_2001        ; Verilog_2001        ;
; VHDL Version                                                     ; VHDL_1993           ; VHDL_1993           ;
; State Machine Processing                                         ; Auto                ; Auto                ;
; Safe State Machine                                               ; Off                 ; Off                 ;
; Extract Verilog State Machines                                   ; On                  ; On                  ;
; Extract VHDL State Machines                                      ; On                  ; On                  ;
; Ignore Verilog initial constructs                                ; Off                 ; Off                 ;
; Iteration limit for constant Verilog loops                       ; 5000                ; 5000                ;
; Iteration limit for non-constant Verilog loops                   ; 250                 ; 250                 ;
; Add Pass-Through Logic to Inferred RAMs                          ; On                  ; On                  ;
; Infer RAMs from Raw Logic                                        ; On                  ; On                  ;
; Parallel Synthesis                                               ; On                  ; On                  ;
; DSP Block Balancing                                              ; Auto                ; Auto                ;
; NOT Gate Push-Back                                               ; On                  ; On                  ;
; Power-Up Don't Care                                              ; On                  ; On                  ;
; Remove Redundant Logic Cells                                     ; Off                 ; Off                 ;
; Remove Duplicate Registers                                       ; On                  ; On                  ;
; Ignore CARRY Buffers                                             ; Off                 ; Off                 ;
; Ignore CASCADE Buffers                                           ; Off                 ; Off                 ;
; Ignore GLOBAL Buffers                                            ; Off                 ; Off                 ;
; Ignore ROW GLOBAL Buffers                                        ; Off                 ; Off                 ;
; Ignore LCELL Buffers                                             ; Off                 ; Off                 ;
; Ignore SOFT Buffers                                              ; On                  ; On                  ;
; Limit AHDL Integers to 32 Bits                                   ; Off                 ; Off                 ;
; Carry Chain Length                                               ; 70                  ; 70                  ;
; Auto Carry Chains                                                ; On                  ; On                  ;
; Auto Open-Drain Pins                                             ; On                  ; On                  ;
; Auto ROM Replacement                                             ; On                  ; On                  ;
; Auto RAM Replacement                                             ; On                  ; On                  ;
; Auto DSP Block Replacement                                       ; On                  ; On                  ;
; Auto Shift Register Replacement                                  ; Auto                ; Auto                ;
; Allow Shift Register Merging across Hierarchies                  ; Auto                ; Auto                ;
; Auto Clock Enable Replacement                                    ; On                  ; On                  ;
; Strict RAM Replacement                                           ; Off                 ; Off                 ;
; Allow Synchronous Control Signals                                ; On                  ; On                  ;
; Force Use of Synchronous Clear Signals                           ; Off                 ; Off                 ;
; Auto RAM Block Balancing                                         ; On                  ; On                  ;
; Auto RAM to Logic Cell Conversion                                ; Off                 ; Off                 ;
; Auto Resource Sharing                                            ; Off                 ; Off                 ;
; Allow Any RAM Size For Recognition                               ; Off                 ; Off                 ;
; Allow Any ROM Size For Recognition                               ; Off                 ; Off                 ;
; Allow Any Shift Register Size For Recognition                    ; Off                 ; Off                 ;
; Use LogicLock Constraints during Resource Balancing              ; On                  ; On                  ;
; Ignore translate_off and synthesis_off directives                ; Off                 ; Off                 ;
; Timing-Driven Synthesis                                          ; On                  ; On                  ;
; Report Parameter Settings                                        ; On                  ; On                  ;
; Report Source Assignments                                        ; On                  ; On                  ;
; Report Connectivity Checks                                       ; On                  ; On                  ;
; Ignore Maximum Fan-Out Assignments                               ; Off                 ; Off                 ;
; Synchronization Register Chain Length                            ; 2                   ; 2                   ;
; HDL message level                                                ; Level2              ; Level2              ;
; Suppress Register Optimization Related Messages                  ; Off                 ; Off                 ;
; Number of Removed Registers Reported in Synthesis Report         ; 5000                ; 5000                ;
; Number of Swept Nodes Reported in Synthesis Report               ; 5000                ; 5000                ;
; Number of Inverted Registers Reported in Synthesis Report        ; 100                 ; 100                 ;
; Clock MUX Protection                                             ; On                  ; On                  ;
; Auto Gated Clock Conversion                                      ; Off                 ; Off                 ;
; Block Design Naming                                              ; Auto                ; Auto                ;
; Synthesis Effort                                                 ; Auto                ; Auto                ;
; Shift Register Replacement - Allow Asynchronous Clear Signal     ; On                  ; On                  ;
; Pre-Mapping Resynthesis Optimization                             ; Off                 ; Off                 ;
; Analysis & Synthesis Message Level                               ; Medium              ; Medium              ;
; Disable Register Merging Across Hierarchies                      ; Auto                ; Auto                ;
; Resource Aware Inference For Block RAM                           ; On                  ; On                  ;
+------------------------------------------------------------------+---------------------+---------------------+


+------------------------------------------+
; Parallel Compilation                     ;
+----------------------------+-------------+
; Processors                 ; Number      ;
+----------------------------+-------------+
; Number detected on machine ; 8           ;
; Maximum allowed            ; 4           ;
;                            ;             ;
; Average used               ; 1.00        ;
; Maximum used               ; 4           ;
;                            ;             ;
; Usage by Processor         ; % Time Used ;
;     Processor 1            ; 100.0%      ;
;     Processors 2-4         ;   0.0%      ;
+----------------------------+-------------+


+--------------------------------------------------------------------------------------------------------------------------------------------------------------------------------+
; Analysis & Synthesis Source Files Read                                                                                                                                         ;
+----------------------------------+-----------------+------------------------------+----------------------------------------------------------------------------------+---------+
; File Name with User-Entered Path ; Used in Netlist ; File Type                    ; File Name with Absolute Path                                                     ; Library ;
+----------------------------------+-----------------+------------------------------+----------------------------------------------------------------------------------+---------+
; Synchronizers.sv                 ; yes             ; User SystemVerilog HDL File  ; C:/Users/kuilin/Desktop/385/385_FPGA/Lab5/dse/dse1/dse1_2/Synchronizers.sv       ;         ;
; HexDriver.sv                     ; yes             ; User SystemVerilog HDL File  ; C:/Users/kuilin/Desktop/385/385_FPGA/Lab5/dse/dse1/dse1_2/HexDriver.sv           ;         ;
; adder_9.sv                       ; yes             ; User SystemVerilog HDL File  ; C:/Users/kuilin/Desktop/385/385_FPGA/Lab5/dse/dse1/dse1_2/adder_9.sv             ;         ;
; Reg_8.sv                         ; yes             ; User SystemVerilog HDL File  ; C:/Users/kuilin/Desktop/385/385_FPGA/Lab5/dse/dse1/dse1_2/Reg_8.sv               ;         ;
; full_adder.sv                    ; yes             ; User SystemVerilog HDL File  ; C:/Users/kuilin/Desktop/385/385_FPGA/Lab5/dse/dse1/dse1_2/full_adder.sv          ;         ;
; multiplier_toplevel.sv           ; yes             ; User SystemVerilog HDL File  ; C:/Users/kuilin/Desktop/385/385_FPGA/Lab5/dse/dse1/dse1_2/multiplier_toplevel.sv ;         ;
; control.sv                       ; yes             ; User SystemVerilog HDL File  ; C:/Users/kuilin/Desktop/385/385_FPGA/Lab5/dse/dse1/dse1_2/control.sv             ;         ;
+----------------------------------+-----------------+------------------------------+----------------------------------------------------------------------------------+---------+


+---------------------------------------------------------+
; Analysis & Synthesis Resource Usage Summary             ;
+---------------------------------------------+-----------+
; Resource                                    ; Usage     ;
+---------------------------------------------+-----------+
; Estimated Total logic elements              ; 112       ;
;                                             ;           ;
; Total combinational functions               ; 104       ;
; Logic element usage by number of LUT inputs ;           ;
;     -- 4 input functions                    ; 59        ;
;     -- 3 input functions                    ; 28        ;
;     -- <=2 input functions                  ; 17        ;
;                                             ;           ;
; Logic elements by mode                      ;           ;
;     -- normal mode                          ; 100       ;
;     -- arithmetic mode                      ; 4         ;
;                                             ;           ;
; Total registers                             ; 66        ;
;     -- Dedicated logic registers            ; 66        ;
;     -- I/O registers                        ; 0         ;
;                                             ;           ;
; I/O pins                                    ; 57        ;
;                                             ;           ;
; Embedded Multiplier 9-bit elements          ; 0         ;
;                                             ;           ;
; Maximum fan-out node                        ; Clk~input ;
; Maximum fan-out                             ; 66        ;
; Total fan-out                               ; 619       ;
; Average fan-out                             ; 2.18      ;
+---------------------------------------------+-----------+


+----------------------------------------------------------------------------------------------------------------------------------------------------------------------------------------------------------------------------------------------------------------------------------------+
; Analysis & Synthesis Resource Utilization by Entity                                                                                                                                                                                                                                    ;
+--------------------------------------------+---------------------+---------------------------+-------------+--------------+---------+-----------+------+--------------+---------------------------------------------------------------------------+---------------------+--------------+
; Compilation Hierarchy Node                 ; Combinational ALUTs ; Dedicated Logic Registers ; Memory Bits ; DSP Elements ; DSP 9x9 ; DSP 18x18 ; Pins ; Virtual Pins ; Full Hierarchy Name                                                       ; Entity Name         ; Library Name ;
+--------------------------------------------+---------------------+---------------------------+-------------+--------------+---------+-----------+------+--------------+---------------------------------------------------------------------------+---------------------+--------------+
; |multiplier_toplevel                       ; 104 (4)             ; 66 (1)                    ; 0           ; 0            ; 0       ; 0         ; 57   ; 0            ; |multiplier_toplevel                                                      ; multiplier_toplevel ; work         ;
;    |HexDriver:hdAL|                        ; 7 (7)               ; 7 (7)                     ; 0           ; 0            ; 0       ; 0         ; 0    ; 0            ; |multiplier_toplevel|HexDriver:hdAL                                       ; HexDriver           ; work         ;
;    |HexDriver:hdAU|                        ; 7 (7)               ; 0 (0)                     ; 0           ; 0            ; 0       ; 0         ; 0    ; 0            ; |multiplier_toplevel|HexDriver:hdAU                                       ; HexDriver           ; work         ;
;    |HexDriver:hdBL|                        ; 7 (7)               ; 7 (7)                     ; 0           ; 0            ; 0       ; 0         ; 0    ; 0            ; |multiplier_toplevel|HexDriver:hdBL                                       ; HexDriver           ; work         ;
;    |HexDriver:hdBU|                        ; 7 (7)               ; 7 (7)                     ; 0           ; 0            ; 0       ; 0         ; 0    ; 0            ; |multiplier_toplevel|HexDriver:hdBU                                       ; HexDriver           ; work         ;
;    |adder_9:adderUnit|                     ; 17 (1)              ; 3 (1)                     ; 0           ; 0            ; 0       ; 0         ; 0    ; 0            ; |multiplier_toplevel|adder_9:adderUnit                                    ; adder_9             ; work         ;
;       |full_adder:adderGenLoop[0].adder_i| ; 3 (3)               ; 2 (2)                     ; 0           ; 0            ; 0       ; 0         ; 0    ; 0            ; |multiplier_toplevel|adder_9:adderUnit|full_adder:adderGenLoop[0].adder_i ; full_adder          ; work         ;
;       |full_adder:adderGenLoop[1].adder_i| ; 2 (2)               ; 0 (0)                     ; 0           ; 0            ; 0       ; 0         ; 0    ; 0            ; |multiplier_toplevel|adder_9:adderUnit|full_adder:adderGenLoop[1].adder_i ; full_adder          ; work         ;
;       |full_adder:adderGenLoop[2].adder_i| ; 2 (2)               ; 0 (0)                     ; 0           ; 0            ; 0       ; 0         ; 0    ; 0            ; |multiplier_toplevel|adder_9:adderUnit|full_adder:adderGenLoop[2].adder_i ; full_adder          ; work         ;
;       |full_adder:adderGenLoop[3].adder_i| ; 2 (2)               ; 0 (0)                     ; 0           ; 0            ; 0       ; 0         ; 0    ; 0            ; |multiplier_toplevel|adder_9:adderUnit|full_adder:adderGenLoop[3].adder_i ; full_adder          ; work         ;
;       |full_adder:adderGenLoop[4].adder_i| ; 2 (2)               ; 0 (0)                     ; 0           ; 0            ; 0       ; 0         ; 0    ; 0            ; |multiplier_toplevel|adder_9:adderUnit|full_adder:adderGenLoop[4].adder_i ; full_adder          ; work         ;
;       |full_adder:adderGenLoop[5].adder_i| ; 2 (2)               ; 0 (0)                     ; 0           ; 0            ; 0       ; 0         ; 0    ; 0            ; |multiplier_toplevel|adder_9:adderUnit|full_adder:adderGenLoop[5].adder_i ; full_adder          ; work         ;
;       |full_adder:adderGenLoop[6].adder_i| ; 2 (2)               ; 0 (0)                     ; 0           ; 0            ; 0       ; 0         ; 0    ; 0            ; |multiplier_toplevel|adder_9:adderUnit|full_adder:adderGenLoop[6].adder_i ; full_adder          ; work         ;
;       |full_adder:adderGenLoop[7].adder_i| ; 1 (1)               ; 0 (0)                     ; 0           ; 0            ; 0       ; 0         ; 0    ; 0            ; |multiplier_toplevel|adder_9:adderUnit|full_adder:adderGenLoop[7].adder_i ; full_adder          ; work         ;
;    |control:controller|                    ; 25 (25)             ; 14 (14)                   ; 0           ; 0            ; 0       ; 0         ; 0    ; 0            ; |multiplier_toplevel|control:controller                                   ; control             ; work         ;
;    |reg_8:regA|                            ; 17 (17)             ; 8 (8)                     ; 0           ; 0            ; 0       ; 0         ; 0    ; 0            ; |multiplier_toplevel|reg_8:regA                                           ; reg_8               ; work         ;
;    |reg_8:regB|                            ; 10 (10)             ; 8 (8)                     ; 0           ; 0            ; 0       ; 0         ; 0    ; 0            ; |multiplier_toplevel|reg_8:regB                                           ; reg_8               ; work         ;
;    |sync:button_sync[0]|                   ; 1 (1)               ; 1 (1)                     ; 0           ; 0            ; 0       ; 0         ; 0    ; 0            ; |multiplier_toplevel|sync:button_sync[0]                                  ; sync                ; work         ;
;    |sync:button_sync[1]|                   ; 1 (1)               ; 1 (1)                     ; 0           ; 0            ; 0       ; 0         ; 0    ; 0            ; |multiplier_toplevel|sync:button_sync[1]                                  ; sync                ; work         ;
;    |sync:button_sync[2]|                   ; 1 (1)               ; 1 (1)                     ; 0           ; 0            ; 0       ; 0         ; 0    ; 0            ; |multiplier_toplevel|sync:button_sync[2]                                  ; sync                ; work         ;
;    |sync:switch_sync[0]|                   ; 0 (0)               ; 1 (1)                     ; 0           ; 0            ; 0       ; 0         ; 0    ; 0            ; |multiplier_toplevel|sync:switch_sync[0]                                  ; sync                ; work         ;
;    |sync:switch_sync[1]|                   ; 0 (0)               ; 1 (1)                     ; 0           ; 0            ; 0       ; 0         ; 0    ; 0            ; |multiplier_toplevel|sync:switch_sync[1]                                  ; sync                ; work         ;
;    |sync:switch_sync[2]|                   ; 0 (0)               ; 1 (1)                     ; 0           ; 0            ; 0       ; 0         ; 0    ; 0            ; |multiplier_toplevel|sync:switch_sync[2]                                  ; sync                ; work         ;
;    |sync:switch_sync[3]|                   ; 0 (0)               ; 1 (1)                     ; 0           ; 0            ; 0       ; 0         ; 0    ; 0            ; |multiplier_toplevel|sync:switch_sync[3]                                  ; sync                ; work         ;
;    |sync:switch_sync[4]|                   ; 0 (0)               ; 1 (1)                     ; 0           ; 0            ; 0       ; 0         ; 0    ; 0            ; |multiplier_toplevel|sync:switch_sync[4]                                  ; sync                ; work         ;
;    |sync:switch_sync[5]|                   ; 0 (0)               ; 1 (1)                     ; 0           ; 0            ; 0       ; 0         ; 0    ; 0            ; |multiplier_toplevel|sync:switch_sync[5]                                  ; sync                ; work         ;
;    |sync:switch_sync[6]|                   ; 0 (0)               ; 1 (1)                     ; 0           ; 0            ; 0       ; 0         ; 0    ; 0            ; |multiplier_toplevel|sync:switch_sync[6]                                  ; sync                ; work         ;
;    |sync:switch_sync[7]|                   ; 0 (0)               ; 1 (1)                     ; 0           ; 0            ; 0       ; 0         ; 0    ; 0            ; |multiplier_toplevel|sync:switch_sync[7]                                  ; sync                ; work         ;
+--------------------------------------------+---------------------+---------------------------+-------------+--------------+---------+-----------+------+--------------+---------------------------------------------------------------------------+---------------------+--------------+
Note: For table entries with two numbers listed, the numbers in parentheses indicate the number of resources of the given type used by the specific entity alone. The numbers listed outside of parentheses indicate the total resources of the given type used by the specific entity and all of its sub-entities in the hierarchy.


Encoding Type:  One-Hot
+---------------------------------------------------------------------------------------------------------------------------------------------------------------------------------------------------+
; State Machine - |multiplier_toplevel|control:controller|currentState                                                                                                                              ;
+------------------------------+------------------------+--------------------------+-------------------------+------------------------------+-----------------------------+-------------------------+
; Name                         ; currentState.HaltState ; currentState.AddSubState ; currentState.ShiftState ; currentState.BeginCycleState ; currentState.ClearLoadState ; currentState.StartState ;
+------------------------------+------------------------+--------------------------+-------------------------+------------------------------+-----------------------------+-------------------------+
; currentState.StartState      ; 0                      ; 0                        ; 0                       ; 0                            ; 0                           ; 0                       ;
; currentState.ClearLoadState  ; 0                      ; 0                        ; 0                       ; 0                            ; 1                           ; 1                       ;
; currentState.BeginCycleState ; 0                      ; 0                        ; 0                       ; 1                            ; 0                           ; 1                       ;
; currentState.ShiftState      ; 0                      ; 0                        ; 1                       ; 0                            ; 0                           ; 1                       ;
; currentState.AddSubState     ; 0                      ; 1                        ; 0                       ; 0                            ; 0                           ; 1                       ;
; currentState.HaltState       ; 1                      ; 0                        ; 0                       ; 0                            ; 0                           ; 1                       ;
+------------------------------+------------------------+--------------------------+-------------------------+------------------------------+-----------------------------+-------------------------+


+------------------------------------------------------------+
; Registers Removed During Synthesis                         ;
+---------------------------------------+--------------------+
; Register name                         ; Reason for Removal ;
+---------------------------------------+--------------------+
; control:controller|currentState~2     ; Lost fanout        ;
; control:controller|currentState~3     ; Lost fanout        ;
; control:controller|currentState~4     ; Lost fanout        ;
; control:controller|currentState~5     ; Lost fanout        ;
; control:controller|currentState~6     ; Lost fanout        ;
; Total Number of Removed Registers = 5 ;                    ;
+---------------------------------------+--------------------+


+------------------------------------------------------+
; General Register Statistics                          ;
+----------------------------------------------+-------+
; Statistic                                    ; Value ;
+----------------------------------------------+-------+
; Total registers                              ; 66    ;
; Number of registers using Synchronous Clear  ; 14    ;
; Number of registers using Synchronous Load   ; 0     ;
; Number of registers using Asynchronous Clear ; 0     ;
; Number of registers using Asynchronous Load  ; 0     ;
; Number of registers using Clock Enable       ; 21    ;
; Number of registers using Preset             ; 0     ;
+----------------------------------------------+-------+


+--------------------------------------------------------------------------------------------------------------+
; Physical Synthesis Netlist Optimizations                                                                     ;
+---------------------------------------------------------------------+------------------+---------------------+
; Node                                                                ; Action           ; Reason              ;
+---------------------------------------------------------------------+------------------+---------------------+
; HexDriver:hdAL|WideOr0~0                                            ; Deleted          ; Timing optimization ;
; HexDriver:hdAL|WideOr0~0_wirecell                                   ; Deleted          ; Timing optimization ;
; HexDriver:hdAL|WideOr0~0_wirecell_NEW_REG76_RTM078                  ; Modified         ; Timing optimization ;
; HexDriver:hdAL|WideOr0~0_wirecell_NEW_REG76_RTM078                  ; Retimed Register ; Timing optimization ;
; HexDriver:hdAL|WideOr0~0_wirecell_OTERM77                           ; Retimed Register ; Timing optimization ;
; HexDriver:hdAL|WideOr0~0_wirecell_RTM079                            ; Modified         ; Timing optimization ;
; HexDriver:hdAL|WideOr0~0_wirecell_RTM079                            ; Retimed Register ; Timing optimization ;
; HexDriver:hdAL|WideOr1~0_OTERM75                                    ; Retimed Register ; Timing optimization ;
; HexDriver:hdAL|WideOr2~0_OTERM73                                    ; Retimed Register ; Timing optimization ;
; HexDriver:hdAL|WideOr3~0_OTERM71                                    ; Retimed Register ; Timing optimization ;
; HexDriver:hdAL|WideOr4~0_OTERM69                                    ; Retimed Register ; Timing optimization ;
; HexDriver:hdAL|WideOr5~0_OTERM67                                    ; Retimed Register ; Timing optimization ;
; HexDriver:hdAL|WideOr6~0_OTERM65                                    ; Retimed Register ; Timing optimization ;
; HexDriver:hdAU|WideOr0~0                                            ; Deleted          ; Timing optimization ;
; HexDriver:hdAU|WideOr0~0_wirecell                                   ; Modified         ; Timing optimization ;
; HexDriver:hdBL|WideOr0~0_OTERM15                                    ; Retimed Register ; Timing optimization ;
; HexDriver:hdBL|WideOr1~0_OTERM13                                    ; Retimed Register ; Timing optimization ;
; HexDriver:hdBL|WideOr2~0_OTERM11                                    ; Retimed Register ; Timing optimization ;
; HexDriver:hdBL|WideOr3~0_OTERM9                                     ; Retimed Register ; Timing optimization ;
; HexDriver:hdBL|WideOr4~0_OTERM7                                     ; Retimed Register ; Timing optimization ;
; HexDriver:hdBL|WideOr5~0_OTERM5                                     ; Retimed Register ; Timing optimization ;
; HexDriver:hdBL|WideOr6~0_OTERM3                                     ; Retimed Register ; Timing optimization ;
; HexDriver:hdBU|WideOr0~0_OTERM29                                    ; Retimed Register ; Timing optimization ;
; HexDriver:hdBU|WideOr1~0_OTERM27                                    ; Retimed Register ; Timing optimization ;
; HexDriver:hdBU|WideOr2~0_OTERM25                                    ; Retimed Register ; Timing optimization ;
; HexDriver:hdBU|WideOr3~0_OTERM23                                    ; Retimed Register ; Timing optimization ;
; HexDriver:hdBU|WideOr4~0_OTERM21                                    ; Retimed Register ; Timing optimization ;
; HexDriver:hdBU|WideOr5~0_OTERM19                                    ; Retimed Register ; Timing optimization ;
; HexDriver:hdBU|WideOr6~0_OTERM17                                    ; Retimed Register ; Timing optimization ;
; X~3_OTERM55                                                         ; Retimed Register ; Timing optimization ;
; X~reg0                                                              ; Deleted          ; Timing optimization ;
; adder_9:adderUnit|comb~0_OTERM63                                    ; Retimed Register ; Timing optimization ;
; adder_9:adderUnit|full_adder:adderGenLoop[0].adder_i|Cout~0_OTERM57 ; Retimed Register ; Timing optimization ;
; adder_9:adderUnit|full_adder:adderGenLoop[0].adder_i|Cout~2_OTERM61 ; Retimed Register ; Timing optimization ;
; control:controller|Add0~1                                           ; Modified         ; Timing optimization ;
; control:controller|Equal0~0_OTERM1                                  ; Retimed Register ; Timing optimization ;
; control:controller|Selector4~0                                      ; Modified         ; Timing optimization ;
; control:controller|Sub~0_OTERM81                                    ; Retimed Register ; Timing optimization ;
; control:controller|Sub~1_OTERM59                                    ; Retimed Register ; Timing optimization ;
; reg_8:regA|Data_Out[0]_OTERM43                                      ; Retimed Register ; Timing optimization ;
; reg_8:regA|Data_Out[0]_OTERM83                                      ; Retimed Register ; Timing optimization ;
; reg_8:regA|Data_Out[1]_OTERM41                                      ; Retimed Register ; Timing optimization ;
; reg_8:regA|Data_Out[2]_OTERM39                                      ; Retimed Register ; Timing optimization ;
; reg_8:regA|Data_Out[3]_OTERM37                                      ; Retimed Register ; Timing optimization ;
; reg_8:regA|Data_Out[4]_OTERM51                                      ; Retimed Register ; Timing optimization ;
; reg_8:regA|Data_Out[5]_OTERM49                                      ; Retimed Register ; Timing optimization ;
; reg_8:regA|Data_Out[6]_OTERM47                                      ; Retimed Register ; Timing optimization ;
; reg_8:regA|Data_Out[7]_OTERM45                                      ; Retimed Register ; Timing optimization ;
; reg_8:regA|Data_Out~8                                               ; Deleted          ; Timing optimization ;
; reg_8:regB|Data_Out[0]_OTERM53                                      ; Retimed Register ; Timing optimization ;
+---------------------------------------------------------------------+------------------+---------------------+


+-----------------------------------------------------------------------------------------------------------------------------------------------------------+
; Multiplexer Restructuring Statistics (No Restructuring Performed)                                                                                         ;
+--------------------+-----------+---------------+----------------------+------------------------+------------+---------------------------------------------+
; Multiplexer Inputs ; Bus Width ; Baseline Area ; Area if Restructured ; Saving if Restructured ; Registered ; Example Multiplexer Output                  ;
+--------------------+-----------+---------------+----------------------+------------------------+------------+---------------------------------------------+
; 3:1                ; 8 bits    ; 16 LEs        ; 8 LEs                ; 8 LEs                  ; Yes        ; |multiplier_toplevel|reg_8:regB|Data_Out[7] ;
; 4:1                ; 8 bits    ; 16 LEs        ; 16 LEs               ; 0 LEs                  ; Yes        ; |multiplier_toplevel|reg_8:regA|Data_Out[7] ;
; 3:1                ; 2 bits    ; 4 LEs         ; 2 LEs                ; 2 LEs                  ; No         ; |multiplier_toplevel|control:controller|Sub ;
+--------------------+-----------+---------------+----------------------+------------------------+------------+---------------------------------------------+


+--------------------------------------------------------+
; Port Connectivity Checks: "reg_8:regB"                 ;
+-----------+--------+----------+------------------------+
; Port      ; Type   ; Severity ; Details                ;
+-----------+--------+----------+------------------------+
; Shift_Out ; Output ; Info     ; Explicitly unconnected ;
+-----------+--------+----------+------------------------+


+--------------------------------------------------------+
; Port Connectivity Checks: "reg_8:regA"                 ;
+-----------+--------+----------+------------------------+
; Port      ; Type   ; Severity ; Details                ;
+-----------+--------+----------+------------------------+
; Shift_Out ; Output ; Info     ; Explicitly unconnected ;
+-----------+--------+----------+------------------------+


+----------------------------------------------------------------------------------------------------------------+
; Port Connectivity Checks: "adder_9:adderUnit|full_adder:adderGenLoop[8].adder_i"                               ;
+------+--------+----------+-------------------------------------------------------------------------------------+
; Port ; Type   ; Severity ; Details                                                                             ;
+------+--------+----------+-------------------------------------------------------------------------------------+
; Cout ; Output ; Info     ; Connected to dangling logic. Logic that only feeds a dangling port will be removed. ;
+------+--------+----------+-------------------------------------------------------------------------------------+


+-----------------------------------------------------+
; Post-Synthesis Netlist Statistics for Top Partition ;
+-----------------------+-----------------------------+
; Type                  ; Count                       ;
+-----------------------+-----------------------------+
; boundary_port         ; 57                          ;
; cycloneiii_ff         ; 66                          ;
;     ENA               ; 21                          ;
;     SCLR              ; 14                          ;
;     plain             ; 31                          ;
; cycloneiii_lcell_comb ; 107                         ;
;     arith             ; 4                           ;
;         2 data inputs ; 4                           ;
;     normal            ; 103                         ;
;         1 data inputs ; 7                           ;
;         2 data inputs ; 9                           ;
;         3 data inputs ; 28                          ;
;         4 data inputs ; 59                          ;
;                       ;                             ;
; Max LUT depth         ; 10.00                       ;
; Average LUT depth     ; 3.50                        ;
+-----------------------+-----------------------------+


+-------------------------------+
; Elapsed Time Per Partition    ;
+----------------+--------------+
; Partition Name ; Elapsed Time ;
+----------------+--------------+
; Top            ; 00:00:02     ;
+----------------+--------------+


+-------------------------------+
; Analysis & Synthesis Messages ;
+-------------------------------+
Info: *******************************************************************
Info: Running Quartus Prime Analysis & Synthesis
    Info: Version 18.0.0 Build 614 04/24/2018 SJ Lite Edition
    Info: Processing started: Fri Oct 05 00:15:08 2018
Info: Command: quartus_map --read_settings_files=off --write_settings_files=off multiplier_toplevel -c multiplier_toplevel
Info (16303): Aggressive Performance optimization mode selected -- timing performance will be prioritized at the potential cost of increased logic area and compilation time
Warning (18236): Number of processors has not been specified which may cause overloading on shared machines.  Set the global assignment NUM_PARALLEL_PROCESSORS in your QSF to an appropriate value for best performance.
Info (20030): Parallel compilation is enabled and will use 4 of the 4 processors detected
Info (12021): Found 3 design units, including 3 entities, in source file synchronizers.sv
    Info (12023): Found entity 1: sync File: C:/Users/kuilin/Desktop/385/385_FPGA/Lab5/dse/dse1/dse1_2/Synchronizers.sv Line: 4
    Info (12023): Found entity 2: sync_r0 File: C:/Users/kuilin/Desktop/385/385_FPGA/Lab5/dse/dse1/dse1_2/Synchronizers.sv Line: 18
    Info (12023): Found entity 3: sync_r1 File: C:/Users/kuilin/Desktop/385/385_FPGA/Lab5/dse/dse1/dse1_2/Synchronizers.sv Line: 39
Info (12021): Found 1 design units, including 1 entities, in source file hexdriver.sv
    Info (12023): Found entity 1: HexDriver File: C:/Users/kuilin/Desktop/385/385_FPGA/Lab5/dse/dse1/dse1_2/HexDriver.sv Line: 1
Info (12021): Found 1 design units, including 1 entities, in source file adder_9.sv
    Info (12023): Found entity 1: adder_9 File: C:/Users/kuilin/Desktop/385/385_FPGA/Lab5/dse/dse1/dse1_2/adder_9.sv Line: 1
Info (12021): Found 1 design units, including 1 entities, in source file reg_8.sv
    Info (12023): Found entity 1: reg_8 File: C:/Users/kuilin/Desktop/385/385_FPGA/Lab5/dse/dse1/dse1_2/Reg_8.sv Line: 1
Info (12021): Found 1 design units, including 1 entities, in source file full_adder.sv
    Info (12023): Found entity 1: full_adder File: C:/Users/kuilin/Desktop/385/385_FPGA/Lab5/dse/dse1/dse1_2/full_adder.sv Line: 1
Info (12021): Found 1 design units, including 1 entities, in source file multiplier_toplevel.sv
    Info (12023): Found entity 1: multiplier_toplevel File: C:/Users/kuilin/Desktop/385/385_FPGA/Lab5/dse/dse1/dse1_2/multiplier_toplevel.sv Line: 1
Info (12021): Found 1 design units, including 1 entities, in source file control.sv
    Info (12023): Found entity 1: control File: C:/Users/kuilin/Desktop/385/385_FPGA/Lab5/dse/dse1/dse1_2/control.sv Line: 1
Info (12021): Found 1 design units, including 1 entities, in source file testbench.sv
    Info (12023): Found entity 1: testbench File: C:/Users/kuilin/Desktop/385/385_FPGA/Lab5/dse/dse1/dse1_2/testbench.sv Line: 1
Info (12127): Elaborating entity "multiplier_toplevel" for the top level hierarchy
Info (12128): Elaborating entity "HexDriver" for hierarchy "HexDriver:hdAU" File: C:/Users/kuilin/Desktop/385/385_FPGA/Lab5/dse/dse1/dse1_2/multiplier_toplevel.sv Line: 23
Info (12128): Elaborating entity "control" for hierarchy "control:controller" File: C:/Users/kuilin/Desktop/385/385_FPGA/Lab5/dse/dse1/dse1_2/multiplier_toplevel.sv Line: 42
Info (10264): Verilog HDL Case Statement information at control.sv(36): all case item expressions in this case statement are onehot File: C:/Users/kuilin/Desktop/385/385_FPGA/Lab5/dse/dse1/dse1_2/control.sv Line: 36
Info (12128): Elaborating entity "adder_9" for hierarchy "adder_9:adderUnit" File: C:/Users/kuilin/Desktop/385/385_FPGA/Lab5/dse/dse1/dse1_2/multiplier_toplevel.sv Line: 45
Info (12128): Elaborating entity "full_adder" for hierarchy "adder_9:adderUnit|full_adder:adderGenLoop[0].adder_i" File: C:/Users/kuilin/Desktop/385/385_FPGA/Lab5/dse/dse1/dse1_2/adder_9.sv Line: 20
Info (12128): Elaborating entity "reg_8" for hierarchy "reg_8:regA" File: C:/Users/kuilin/Desktop/385/385_FPGA/Lab5/dse/dse1/dse1_2/multiplier_toplevel.sv Line: 60
Info (12128): Elaborating entity "sync" for hierarchy "sync:button_sync[0]" File: C:/Users/kuilin/Desktop/385/385_FPGA/Lab5/dse/dse1/dse1_2/multiplier_toplevel.sv Line: 85
Info (17026): Resynthesizing 0 WYSIWYG logic cells and I/Os using "speed" technology mapper which leaves 0 WYSIWYG logic cells and I/Os untouched
Info (286030): Timing-Driven Synthesis is running
Info (17049): 5 registers lost all their fanouts during netlist optimizations.
Info (128000): Starting physical synthesis optimizations for speed
Info (332104): Reading SDC File: 'multiplier_toplevel.sdc'
Critical Warning (332168): The following clock transfers have no clock uncertainty assignment. For more accurate results, apply clock uncertainty assignments or use the derive_clock_uncertainty command.
    Critical Warning (332169): From Clk (Rise) to Clk (Rise) (setup and hold)
Info (332129): Detected timing requirements -- optimizing circuit to achieve only the specified requirements
Info (332111): Found 1 clocks
    Info (332111):   Period   Clock Name
    Info (332111): ======== ============
    Info (332111):    0.002          Clk
Info (128002): Starting physical synthesis algorithm register retiming
Info (128003): Physical synthesis algorithm register retiming complete: estimated slack improvement of 1184 ps
Info (128002): Starting physical synthesis algorithm combinational resynthesis using boolean division
Info (128003): Physical synthesis algorithm combinational resynthesis using boolean division complete: estimated slack improvement of 0 ps
Info (128001): Physical synthesis optimizations for speed complete: elapsed time is 00:00:01
Info (144001): Generated suppressed messages file C:/Users/kuilin/Desktop/385/385_FPGA/Lab5/dse/dse1/dse1_2/output_files/multiplier_toplevel.map.smsg
Info (14661): Generated JSON formatted report files in C:/Users/kuilin/Desktop/385/385_FPGA/Lab5/dse/dse1/dse1_2/db/multiplier_toplevel.map.json_files/
Info (14661): Generated JSON formatted report files in C:/Users/kuilin/Desktop/385/385_FPGA/Lab5/dse/dse1/dse1_2/db/multiplier_toplevel.flow.json_files/
Info (16010): Generating hard_block partition "hard_block:auto_generated_inst"
    Info (16011): Adding 0 node(s), including 0 DDIO, 0 PLL, 0 transceiver and 0 LCELL
Info (21057): Implemented 188 device resources after synthesis - the final resource count might be different
    Info (21058): Implemented 12 input pins
    Info (21059): Implemented 45 output pins
    Info (21061): Implemented 131 logic cells
Info (14661): Generated JSON formatted report files in C:/Users/kuilin/Desktop/385/385_FPGA/Lab5/dse/dse1/dse1_2/db/multiplier_toplevel.map.json_files/
Info (14661): Generated JSON formatted report files in C:/Users/kuilin/Desktop/385/385_FPGA/Lab5/dse/dse1/dse1_2/db/multiplier_toplevel.flow.json_files/
Info: Quartus Prime Analysis & Synthesis was successful. 0 errors, 3 warnings
    Info: Peak virtual memory: 772 megabytes
    Info: Processing ended: Fri Oct 05 00:15:26 2018
    Info: Elapsed time: 00:00:18
    Info: Total CPU time (on all processors): 00:00:41


+------------------------------------------+
; Analysis & Synthesis Suppressed Messages ;
+------------------------------------------+
The suppressed messages can be found in C:/Users/kuilin/Desktop/385/385_FPGA/Lab5/dse/dse1/dse1_2/output_files/multiplier_toplevel.map.smsg.


