IP Upgrade report for Typhoon
Mon Dec 10 08:49:26 2018
Quartus Prime Version 18.0.0 Build 614 04/24/2018 SJ Lite Edition


---------------------
; Table of Contents ;
---------------------
  1. Legal Notice
  2. IP Upgrade Summary
  3. IP Upgrade Messages



----------------
; Legal Notice ;
----------------
Copyright (C) 2018  Intel Corporation. All rights reserved.
Your use of Intel Corporation's design tools, logic functions 
and other software and tools, and its AMPP partner logic 
functions, and any output files from any of the foregoing 
(including device programming or simulation files), and any 
associated documentation or information are expressly subject 
to the terms and conditions of the Intel Program License 
Subscription Agreement, the Intel Quartus Prime License Agreement,
the Intel FPGA IP License Agreement, or other applicable license
agreement, including, without limitation, that your use is for
the sole purpose of programming logic devices manufactured by
Intel and sold by Intel or its authorized distributors.  Please
refer to the applicable agreement for further details.



+----------------------------------------------------------------------------+
; IP Upgrade Summary                                                         ;
+------------------------------+---------------------------------------------+
; IP Components Upgrade Status ; Failed - Mon Dec 10 08:49:26 2018           ;
; Quartus Prime Version        ; 18.0.0 Build 614 04/24/2018 SJ Lite Edition ;
; Revision Name                ; Typhoon                                     ;
; Top-level Entity Name        ; Typhoon                                     ;
; Family                       ; Cyclone IV E                                ;
+------------------------------+---------------------------------------------+


+---------------------+
; IP Upgrade Messages ;
+---------------------+
Info (23030): Evaluation of Tcl script c:/intelfpga_lite/18.0/quartus/common/tcl/internal/ip_regen/ip_regen.tcl was successful
Info: Quartus Prime Shell was successful. 0 errors, 4 warnings
    Info: Peak virtual memory: 4911 megabytes
    Info: Processing ended: Mon Dec 10 08:49:26 2018
    Info: Elapsed time: 00:00:07
    Info: Total CPU time (on all processors): 00:00:16


