Flow report for Typhoon
Sat Dec 08 21:05:30 2018
Quartus Prime Version 18.0.0 Build 614 04/24/2018 SJ Lite Edition


---------------------
; Table of Contents ;
---------------------
  1. Legal Notice
  2. Flow Summary
  3. Flow Settings
  4. Flow Non-Default Global Settings
  5. Flow Elapsed Time
  6. Flow OS Summary
  7. Flow Log
  8. Flow Messages
  9. Flow Suppressed Messages



----------------
; Legal Notice ;
----------------
Copyright (C) 2018  Intel Corporation. All rights reserved.
Your use of Intel Corporation's design tools, logic functions 
and other software and tools, and its AMPP partner logic 
functions, and any output files from any of the foregoing 
(including device programming or simulation files), and any 
associated documentation or information are expressly subject 
to the terms and conditions of the Intel Program License 
Subscription Agreement, the Intel Quartus Prime License Agreement,
the Intel FPGA IP License Agreement, or other applicable license
agreement, including, without limitation, that your use is for
the sole purpose of programming logic devices manufactured by
Intel and sold by Intel or its authorized distributors.  Please
refer to the applicable agreement for further details.



+----------------------------------------------------------------------------------+
; Flow Summary                                                                     ;
+------------------------------------+---------------------------------------------+
; Flow Status                        ; Successful - Sat Dec 08 21:05:30 2018       ;
; Quartus Prime Version              ; 18.0.0 Build 614 04/24/2018 SJ Lite Edition ;
; Revision Name                      ; Typhoon                                     ;
; Top-level Entity Name              ; Typhoon                                     ;
; Family                             ; Cyclone IV E                                ;
; Device                             ; EP4CE115F29C7                               ;
; Timing Models                      ; Final                                       ;
; Total logic elements               ; 5,929 / 114,480 ( 5 % )                     ;
;     Total combinational functions  ; 5,834 / 114,480 ( 5 % )                     ;
;     Dedicated logic registers      ; 778 / 114,480 ( < 1 % )                     ;
; Total registers                    ; 778                                         ;
; Total pins                         ; 175 / 529 ( 33 % )                          ;
; Total virtual pins                 ; 0                                           ;
; Total memory bits                  ; 0 / 3,981,312 ( 0 % )                       ;
; Embedded Multiplier 9-bit elements ; 64 / 532 ( 12 % )                           ;
; Total PLLs                         ; 1 / 4 ( 25 % )                              ;
+------------------------------------+---------------------------------------------+


+-----------------------------------------+
; Flow Settings                           ;
+-------------------+---------------------+
; Option            ; Setting             ;
+-------------------+---------------------+
; Start date & time ; 12/08/2018 21:04:21 ;
; Main task         ; Compilation         ;
; Revision Name     ; Typhoon             ;
+-------------------+---------------------+


+------------------------------------------------------------------------------------------------------------------------------+
; Flow Non-Default Global Settings                                                                                             ;
+--------------------------------------+----------------------------------------+---------------+-------------+----------------+
; Assignment Name                      ; Value                                  ; Default Value ; Entity Name ; Section Id     ;
+--------------------------------------+----------------------------------------+---------------+-------------+----------------+
; COMPILER_SIGNATURE_ID                ; 105852884987815.154432466020368        ; --            ; --          ; --             ;
; EDA_DESIGN_INSTANCE_NAME             ; NA                                     ; --            ; --          ; testbench      ;
; EDA_NATIVELINK_SIMULATION_TEST_BENCH ; testbench                              ; --            ; --          ; eda_simulation ;
; EDA_OUTPUT_DATA_FORMAT               ; Systemverilog Hdl                      ; --            ; --          ; eda_simulation ;
; EDA_SIMULATION_TOOL                  ; ModelSim-Altera (SystemVerilog)        ; <None>        ; --          ; --             ;
; EDA_TEST_BENCH_ENABLE_STATUS         ; TEST_BENCH_MODE                        ; --            ; --          ; eda_simulation ;
; EDA_TEST_BENCH_FILE                  ; testbench.sv                           ; --            ; --          ; testbench      ;
; EDA_TEST_BENCH_MODULE_NAME           ; testbench                              ; --            ; --          ; testbench      ;
; EDA_TEST_BENCH_NAME                  ; testbench                              ; --            ; --          ; eda_simulation ;
; EDA_TEST_BENCH_RUN_SIM_FOR           ; 1 ms                                   ; --            ; --          ; testbench      ;
; EDA_TIME_SCALE                       ; 1 ps                                   ; --            ; --          ; eda_simulation ;
; FLOW_ENABLE_POWER_ANALYZER           ; On                                     ; Off           ; --          ; --             ;
; IOBANK_VCCIO                         ; 3.3V                                   ; --            ; --          ; 2              ;
; IOBANK_VCCIO                         ; 3.3V                                   ; --            ; --          ; 3              ;
; MAX_CORE_JUNCTION_TEMP               ; 85                                     ; --            ; --          ; --             ;
; MIN_CORE_JUNCTION_TEMP               ; 0                                      ; --            ; --          ; --             ;
; MISC_FILE                            ; vga_clk.ppf                            ; --            ; --          ; --             ;
; MISC_FILE                            ; SRAM_FIFO_bb.v                         ; --            ; --          ; --             ;
; MISC_FILE                            ; mem_clk.ppf                            ; --            ; --          ; --             ;
; MISC_FILE                            ; vertex_memory_bb.v                     ; --            ; --          ; --             ;
; MISC_FILE                            ; vertex_divide_bb.v                     ; --            ; --          ; --             ;
; MISC_FILE                            ; vertex_memory_bins_bb.v                ; --            ; --          ; --             ;
; MISC_FILE                            ; vertex_memory_norms_bb.v               ; --            ; --          ; --             ;
; MISC_FILE                            ; vertex_multiply_bb.v                   ; --            ; --          ; --             ;
; MISC_FILE                            ; reciprocal_bb.v                        ; --            ; --          ; --             ;
; NOMINAL_CORE_SUPPLY_VOLTAGE          ; 1.2V                                   ; --            ; --          ; --             ;
; PARTITION_COLOR                      ; -- (Not supported for targeted family) ; --            ; --          ; Top            ;
; PARTITION_FITTER_PRESERVATION_LEVEL  ; -- (Not supported for targeted family) ; --            ; --          ; Top            ;
; PARTITION_NETLIST_TYPE               ; -- (Not supported for targeted family) ; --            ; --          ; Top            ;
; POWER_BOARD_THERMAL_MODEL            ; None (CONSERVATIVE)                    ; --            ; --          ; --             ;
; POWER_DEFAULT_INPUT_IO_TOGGLE_RATE   ; 12.5 %                                 ; 12.5%         ; --          ; --             ;
; POWER_PRESET_COOLING_SOLUTION        ; 23 MM HEAT SINK WITH 200 LFPM AIRFLOW  ; --            ; --          ; --             ;
; PROJECT_OUTPUT_DIRECTORY             ; output_files                           ; --            ; --          ; --             ;
+--------------------------------------+----------------------------------------+---------------+-------------+----------------+


+--------------------------------------------------------------------------------------------------------------------------+
; Flow Elapsed Time                                                                                                        ;
+----------------------+--------------+-------------------------+---------------------+------------------------------------+
; Module Name          ; Elapsed Time ; Average Processors Used ; Peak Virtual Memory ; Total CPU Time (on all processors) ;
+----------------------+--------------+-------------------------+---------------------+------------------------------------+
; Analysis & Synthesis ; 00:00:26     ; 1.0                     ; 5135 MB             ; 00:00:36                           ;
; Fitter               ; 00:00:19     ; 1.1                     ; 5808 MB             ; 00:00:29                           ;
; Assembler            ; 00:00:03     ; 1.0                     ; 4726 MB             ; 00:00:03                           ;
; Power Analyzer       ; 00:00:08     ; 1.0                     ; 4947 MB             ; 00:00:08                           ;
; Timing Analyzer      ; 00:00:03     ; 1.4                     ; 4930 MB             ; 00:00:03                           ;
; EDA Netlist Writer   ; 00:00:05     ; 1.0                     ; 4737 MB             ; 00:00:04                           ;
; Total                ; 00:01:04     ; --                      ; --                  ; 00:01:23                           ;
+----------------------+--------------+-------------------------+---------------------+------------------------------------+


+------------------------------------------------------------------------------------+
; Flow OS Summary                                                                    ;
+----------------------+------------------+------------+------------+----------------+
; Module Name          ; Machine Hostname ; OS Name    ; OS Version ; Processor type ;
+----------------------+------------------+------------+------------+----------------+
; Analysis & Synthesis ; Caliber          ; Windows 10 ; 10.0       ; x86_64         ;
; Fitter               ; Caliber          ; Windows 10 ; 10.0       ; x86_64         ;
; Assembler            ; Caliber          ; Windows 10 ; 10.0       ; x86_64         ;
; Power Analyzer       ; Caliber          ; Windows 10 ; 10.0       ; x86_64         ;
; Timing Analyzer      ; Caliber          ; Windows 10 ; 10.0       ; x86_64         ;
; EDA Netlist Writer   ; Caliber          ; Windows 10 ; 10.0       ; x86_64         ;
+----------------------+------------------+------------+------------+----------------+


------------
; Flow Log ;
------------
quartus_map --read_settings_files=on --write_settings_files=off Typhoon -c Typhoon
quartus_fit --read_settings_files=off --write_settings_files=off Typhoon -c Typhoon
quartus_asm --read_settings_files=off --write_settings_files=off Typhoon -c Typhoon
quartus_pow --read_settings_files=off --write_settings_files=off Typhoon -c Typhoon
quartus_sta Typhoon -c Typhoon
quartus_eda --read_settings_files=off --write_settings_files=off Typhoon -c Typhoon



